[debug] [2025-04-20T13:15:05.475Z] ----------------------------------------------------------------------
[debug] [2025-04-20T13:15:05.477Z] Command:       C:\Program Files\nodejs\node.exe C:\Users\angel\AppData\Roaming\npm\node_modules\firebase-tools\lib\bin\firebase.js init hosting
[debug] [2025-04-20T13:15:05.477Z] CLI Version:   13.35.1
[debug] [2025-04-20T13:15:05.477Z] Platform:      win32
[debug] [2025-04-20T13:15:05.477Z] Node Version:  v18.20.6
[debug] [2025-04-20T13:15:05.478Z] Time:          Sun Apr 20 2025 15:15:05 GMT+0200 (hora de verano de Europa central)
[debug] [2025-04-20T13:15:05.478Z] ----------------------------------------------------------------------
[debug] 
[debug] [2025-04-20T13:15:05.629Z] > command requires scopes: ["email","openid","https://www.googleapis.com/auth/cloudplatformprojects.readonly","https://www.googleapis.com/auth/firebase","https://www.googleapis.com/auth/cloud-platform"]
[debug] [2025-04-20T13:15:05.629Z] > authorizing via signed-in user (angelgoncalves@gmail.com)
[info] 
     ######## #### ########  ######## ########     ###     ######  ########
     ##        ##  ##     ## ##       ##     ##  ##   ##  ##       ##
     ######    ##  ########  ######   ########  #########  ######  ######
     ##        ##  ##    ##  ##       ##     ## ##     ##       ## ##
     ##       #### ##     ## ######## ########  ##     ##  ######  ########

You're about to initialize a Firebase project in this directory:

  C:\Users\angel\Documents\EBAC\TiendaVans

Before we get started, keep in mind:

  * You are initializing within an existing Firebase project directory

